2025-10-30 16:35:19 - SignalCipher - [32mINFO[0m - <module>:167 - ✅ This is an INFO message
2025-10-30 16:35:19 - SignalCipher - [33mWARNING[0m - <module>:168 - ⚠️  This is a WARNING message
2025-10-30 16:35:19 - SignalCipher - [31mERROR[0m - <module>:169 - ❌ This is an ERROR message
2025-10-30 16:35:19 - SignalCipher - [35mCRITICAL[0m - <module>:170 - 🚨 This is a CRITICAL message
2025-10-30 16:35:19 - SignalCipher.indicators - [32mINFO[0m - <module>:174 - 🔬 Indicator logger test
2025-10-30 16:35:19 - SignalCipher.ml_models - [32mINFO[0m - <module>:177 - 🤖 ML logger test
2025-10-30 16:35:19 - SignalCipher.scanner - [32mINFO[0m - <module>:180 - 🔍 Scanner logger test
2025-10-30 16:35:19 - SignalCipher.data_collection - [32mINFO[0m - <module>:183 - 📊 Data logger test
2025-10-30 16:40:08 - SignalCipher.data_collection - [32mINFO[0m - __init__:48 - ✅ Binance client initialized
2025-10-30 16:40:08 - SignalCipher.data_collection - [32mINFO[0m - test_connection:255 - 🔌 Testing Binance connection...
2025-10-30 16:40:08 - SignalCipher.data_collection - [32mINFO[0m - test_connection:261 - ✅ Connected to Binance! Server time: 2025-10-30 16:40:08.403000
2025-10-30 16:40:08 - SignalCipher.data_collection - [32mINFO[0m - fetch_ohlcv:70 - 📊 Fetching BTC/USDT 1h data (limit=100)
2025-10-30 16:40:12 - SignalCipher.data_collection - [32mINFO[0m - fetch_ohlcv:94 - ✅ Fetched 100 candles for BTC/USDT 1h
2025-10-30 16:41:05 - SignalCipher.data_collection - [32mINFO[0m - __init__:48 - ✅ Binance client initialized
2025-10-30 16:41:05 - SignalCipher.data_collection - [32mINFO[0m - fetch_ohlcv:70 - 📊 Fetching BTC/USDT 1h data (limit=200)
2025-10-30 16:41:08 - SignalCipher.data_collection - [32mINFO[0m - fetch_ohlcv:94 - ✅ Fetched 200 candles for BTC/USDT 1h
2025-10-30 16:41:08 - SignalCipher.indicators - [32mINFO[0m - add_wavetrend:176 - Calculating WaveTrend: channel_len=9, avg_len=12
2025-10-30 16:41:08 - SignalCipher.indicators - [32mINFO[0m - add_wavetrend:191 - ✅ WaveTrend added: 200 candles, 2 buy signals, 4 sell signals
2025-10-30 16:42:52 - SignalCipher.data_collection - [32mINFO[0m - __init__:48 - ✅ Binance client initialized
2025-10-30 16:42:52 - SignalCipher.data_collection - [32mINFO[0m - fetch_ohlcv:70 - 📊 Fetching BTC/USDT 1h data (limit=200)
2025-10-30 16:42:55 - SignalCipher.data_collection - [32mINFO[0m - fetch_ohlcv:94 - ✅ Fetched 200 candles for BTC/USDT 1h
2025-10-30 16:42:55 - SignalCipher.indicators - [32mINFO[0m - add_money_flow:219 - Calculating Money Flow Index: period=60
2025-10-30 16:42:55 - SignalCipher.indicators - [32mINFO[0m - add_money_flow:238 - ✅ MFI added: 200 candles, 0 buy signals, 0 sell signals, 0 bullish divergences
2025-10-30 16:43:55 - SignalCipher.data_collection - [32mINFO[0m - __init__:48 - ✅ Binance client initialized
2025-10-30 16:43:55 - SignalCipher.data_collection - [32mINFO[0m - fetch_ohlcv:70 - 📊 Fetching BTC/USDT 1h data (limit=200)
2025-10-30 16:43:59 - SignalCipher.data_collection - [32mINFO[0m - fetch_ohlcv:94 - ✅ Fetched 200 candles for BTC/USDT 1h
2025-10-30 16:43:59 - SignalCipher.indicators - [32mINFO[0m - add_rsi:212 - Calculating RSI: period=14
2025-10-30 16:43:59 - SignalCipher.indicators - [32mINFO[0m - add_rsi:226 - ✅ RSI added: 200 candles, 3 buy signals, 5 sell signals
2025-10-30 16:43:59 - SignalCipher.indicators - [32mINFO[0m - add_stochastic_rsi:262 - Calculating Stochastic RSI: rsi_period=14, stoch_period=14
2025-10-30 16:43:59 - SignalCipher.indicators - [32mINFO[0m - add_stochastic_rsi:277 - ✅ StochRSI added: 200 candles, 9 buy signals, 5 sell signals
2025-10-30 16:45:13 - SignalCipher.data_collection - [32mINFO[0m - __init__:48 - ✅ Binance client initialized
2025-10-30 16:45:13 - SignalCipher.scanner - [32mINFO[0m - __init__:35 - ✅ Market Scanner initialized
2025-10-30 16:45:13 - SignalCipher.scanner - [32mINFO[0m - scan_symbol:55 - 🔍 Scanning BTC/USDT 1h...
2025-10-30 16:45:13 - SignalCipher.data_collection - [32mINFO[0m - fetch_ohlcv:70 - 📊 Fetching BTC/USDT 1h data (limit=200)
2025-10-30 16:45:17 - SignalCipher.data_collection - [32mINFO[0m - fetch_ohlcv:94 - ✅ Fetched 200 candles for BTC/USDT 1h
2025-10-30 16:45:17 - SignalCipher.indicators - [32mINFO[0m - add_wavetrend:176 - Calculating WaveTrend: channel_len=9, avg_len=12
2025-10-30 16:45:17 - SignalCipher.indicators - [32mINFO[0m - add_wavetrend:191 - ✅ WaveTrend added: 200 candles, 2 buy signals, 4 sell signals
2025-10-30 16:45:17 - SignalCipher.indicators - [32mINFO[0m - add_money_flow:219 - Calculating Money Flow Index: period=14
2025-10-30 16:45:17 - SignalCipher.indicators - [32mINFO[0m - add_money_flow:238 - ✅ MFI added: 200 candles, 1 buy signals, 3 sell signals, 1 bullish divergences
2025-10-30 16:45:17 - SignalCipher.indicators - [32mINFO[0m - add_rsi:212 - Calculating RSI: period=14
2025-10-30 16:45:17 - SignalCipher.indicators - [32mINFO[0m - add_rsi:226 - ✅ RSI added: 200 candles, 3 buy signals, 5 sell signals
2025-10-30 16:45:17 - SignalCipher.indicators - [32mINFO[0m - add_stochastic_rsi:262 - Calculating Stochastic RSI: rsi_period=14, stoch_period=14
2025-10-30 16:45:17 - SignalCipher.indicators - [32mINFO[0m - add_stochastic_rsi:277 - ✅ StochRSI added: 200 candles, 9 buy signals, 5 sell signals
2025-10-30 16:45:17 - SignalCipher.scanner - [32mINFO[0m - scan_symbol:70 - ✅ BTC/USDT scan completed
2025-10-30 16:45:17 - SignalCipher.scanner - [32mINFO[0m - scan_multiple_symbols:204 - 🔍 Scanning 5 symbols on 1h timeframe
2025-10-30 16:45:17 - SignalCipher.scanner - [32mINFO[0m - scan_symbol:55 - 🔍 Scanning BTC/USDT 1h...
2025-10-30 16:45:17 - SignalCipher.data_collection - [32mINFO[0m - fetch_ohlcv:70 - 📊 Fetching BTC/USDT 1h data (limit=200)
2025-10-30 16:45:17 - SignalCipher.data_collection - [32mINFO[0m - fetch_ohlcv:94 - ✅ Fetched 200 candles for BTC/USDT 1h
2025-10-30 16:45:17 - SignalCipher.indicators - [32mINFO[0m - add_wavetrend:176 - Calculating WaveTrend: channel_len=9, avg_len=12
2025-10-30 16:45:17 - SignalCipher.indicators - [32mINFO[0m - add_wavetrend:191 - ✅ WaveTrend added: 200 candles, 2 buy signals, 4 sell signals
2025-10-30 16:45:17 - SignalCipher.indicators - [32mINFO[0m - add_money_flow:219 - Calculating Money Flow Index: period=14
2025-10-30 16:45:17 - SignalCipher.indicators - [32mINFO[0m - add_money_flow:238 - ✅ MFI added: 200 candles, 1 buy signals, 3 sell signals, 1 bullish divergences
2025-10-30 16:45:17 - SignalCipher.indicators - [32mINFO[0m - add_rsi:212 - Calculating RSI: period=14
2025-10-30 16:45:17 - SignalCipher.indicators - [32mINFO[0m - add_rsi:226 - ✅ RSI added: 200 candles, 3 buy signals, 5 sell signals
2025-10-30 16:45:17 - SignalCipher.indicators - [32mINFO[0m - add_stochastic_rsi:262 - Calculating Stochastic RSI: rsi_period=14, stoch_period=14
2025-10-30 16:45:17 - SignalCipher.indicators - [32mINFO[0m - add_stochastic_rsi:277 - ✅ StochRSI added: 200 candles, 9 buy signals, 5 sell signals
2025-10-30 16:45:17 - SignalCipher.scanner - [32mINFO[0m - scan_symbol:70 - ✅ BTC/USDT scan completed
2025-10-30 16:45:17 - SignalCipher.scanner - [32mINFO[0m - scan_symbol:55 - 🔍 Scanning ETH/USDT 1h...
2025-10-30 16:45:17 - SignalCipher.data_collection - [32mINFO[0m - fetch_ohlcv:70 - 📊 Fetching ETH/USDT 1h data (limit=200)
2025-10-30 16:45:18 - SignalCipher.data_collection - [32mINFO[0m - fetch_ohlcv:94 - ✅ Fetched 200 candles for ETH/USDT 1h
2025-10-30 16:45:18 - SignalCipher.indicators - [32mINFO[0m - add_wavetrend:176 - Calculating WaveTrend: channel_len=9, avg_len=12
2025-10-30 16:45:18 - SignalCipher.indicators - [32mINFO[0m - add_wavetrend:191 - ✅ WaveTrend added: 200 candles, 5 buy signals, 3 sell signals
2025-10-30 16:45:18 - SignalCipher.indicators - [32mINFO[0m - add_money_flow:219 - Calculating Money Flow Index: period=14
2025-10-30 16:45:18 - SignalCipher.indicators - [32mINFO[0m - add_money_flow:238 - ✅ MFI added: 200 candles, 2 buy signals, 3 sell signals, 0 bullish divergences
2025-10-30 16:45:18 - SignalCipher.indicators - [32mINFO[0m - add_rsi:212 - Calculating RSI: period=14
2025-10-30 16:45:18 - SignalCipher.indicators - [32mINFO[0m - add_rsi:226 - ✅ RSI added: 200 candles, 3 buy signals, 5 sell signals
2025-10-30 16:45:18 - SignalCipher.indicators - [32mINFO[0m - add_stochastic_rsi:262 - Calculating Stochastic RSI: rsi_period=14, stoch_period=14
2025-10-30 16:45:18 - SignalCipher.indicators - [32mINFO[0m - add_stochastic_rsi:277 - ✅ StochRSI added: 200 candles, 8 buy signals, 4 sell signals
2025-10-30 16:45:18 - SignalCipher.scanner - [32mINFO[0m - scan_symbol:70 - ✅ ETH/USDT scan completed
2025-10-30 16:45:18 - SignalCipher.scanner - [32mINFO[0m - scan_symbol:55 - 🔍 Scanning BNB/USDT 1h...
2025-10-30 16:45:18 - SignalCipher.data_collection - [32mINFO[0m - fetch_ohlcv:70 - 📊 Fetching BNB/USDT 1h data (limit=200)
2025-10-30 16:45:18 - SignalCipher.data_collection - [32mINFO[0m - fetch_ohlcv:94 - ✅ Fetched 200 candles for BNB/USDT 1h
2025-10-30 16:45:18 - SignalCipher.indicators - [32mINFO[0m - add_wavetrend:176 - Calculating WaveTrend: channel_len=9, avg_len=12
2025-10-30 16:45:18 - SignalCipher.indicators - [32mINFO[0m - add_wavetrend:191 - ✅ WaveTrend added: 200 candles, 0 buy signals, 4 sell signals
2025-10-30 16:45:18 - SignalCipher.indicators - [32mINFO[0m - add_money_flow:219 - Calculating Money Flow Index: period=14
2025-10-30 16:45:18 - SignalCipher.indicators - [32mINFO[0m - add_money_flow:238 - ✅ MFI added: 200 candles, 3 buy signals, 1 sell signals, 1 bullish divergences
2025-10-30 16:45:18 - SignalCipher.indicators - [32mINFO[0m - add_rsi:212 - Calculating RSI: period=14
2025-10-30 16:45:18 - SignalCipher.indicators - [32mINFO[0m - add_rsi:226 - ✅ RSI added: 200 candles, 1 buy signals, 6 sell signals
2025-10-30 16:45:18 - SignalCipher.indicators - [32mINFO[0m - add_stochastic_rsi:262 - Calculating Stochastic RSI: rsi_period=14, stoch_period=14
2025-10-30 16:45:18 - SignalCipher.indicators - [32mINFO[0m - add_stochastic_rsi:277 - ✅ StochRSI added: 200 candles, 6 buy signals, 5 sell signals
2025-10-30 16:45:18 - SignalCipher.scanner - [32mINFO[0m - scan_symbol:70 - ✅ BNB/USDT scan completed
2025-10-30 16:45:18 - SignalCipher.scanner - [32mINFO[0m - scan_symbol:55 - 🔍 Scanning SOL/USDT 1h...
2025-10-30 16:45:18 - SignalCipher.data_collection - [32mINFO[0m - fetch_ohlcv:70 - 📊 Fetching SOL/USDT 1h data (limit=200)
2025-10-30 16:45:18 - SignalCipher.data_collection - [32mINFO[0m - fetch_ohlcv:94 - ✅ Fetched 200 candles for SOL/USDT 1h
2025-10-30 16:45:18 - SignalCipher.indicators - [32mINFO[0m - add_wavetrend:176 - Calculating WaveTrend: channel_len=9, avg_len=12
2025-10-30 16:45:18 - SignalCipher.indicators - [32mINFO[0m - add_wavetrend:191 - ✅ WaveTrend added: 200 candles, 2 buy signals, 2 sell signals
2025-10-30 16:45:18 - SignalCipher.indicators - [32mINFO[0m - add_money_flow:219 - Calculating Money Flow Index: period=14
2025-10-30 16:45:18 - SignalCipher.indicators - [32mINFO[0m - add_money_flow:238 - ✅ MFI added: 200 candles, 1 buy signals, 5 sell signals, 0 bullish divergences
2025-10-30 16:45:18 - SignalCipher.indicators - [32mINFO[0m - add_rsi:212 - Calculating RSI: period=14
2025-10-30 16:45:18 - SignalCipher.indicators - [32mINFO[0m - add_rsi:226 - ✅ RSI added: 200 candles, 2 buy signals, 4 sell signals
2025-10-30 16:45:18 - SignalCipher.indicators - [32mINFO[0m - add_stochastic_rsi:262 - Calculating Stochastic RSI: rsi_period=14, stoch_period=14
2025-10-30 16:45:18 - SignalCipher.indicators - [32mINFO[0m - add_stochastic_rsi:277 - ✅ StochRSI added: 200 candles, 6 buy signals, 7 sell signals
2025-10-30 16:45:18 - SignalCipher.scanner - [32mINFO[0m - scan_symbol:70 - ✅ SOL/USDT scan completed
2025-10-30 16:45:18 - SignalCipher.scanner - [32mINFO[0m - scan_symbol:55 - 🔍 Scanning XRP/USDT 1h...
2025-10-30 16:45:18 - SignalCipher.data_collection - [32mINFO[0m - fetch_ohlcv:70 - 📊 Fetching XRP/USDT 1h data (limit=200)
2025-10-30 16:45:18 - SignalCipher.data_collection - [32mINFO[0m - fetch_ohlcv:94 - ✅ Fetched 200 candles for XRP/USDT 1h
2025-10-30 16:45:18 - SignalCipher.indicators - [32mINFO[0m - add_wavetrend:176 - Calculating WaveTrend: channel_len=9, avg_len=12
2025-10-30 16:45:18 - SignalCipher.indicators - [32mINFO[0m - add_wavetrend:191 - ✅ WaveTrend added: 200 candles, 1 buy signals, 7 sell signals
2025-10-30 16:45:18 - SignalCipher.indicators - [32mINFO[0m - add_money_flow:219 - Calculating Money Flow Index: period=14
2025-10-30 16:45:18 - SignalCipher.indicators - [32mINFO[0m - add_money_flow:238 - ✅ MFI added: 200 candles, 1 buy signals, 5 sell signals, 0 bullish divergences
2025-10-30 16:45:18 - SignalCipher.indicators - [32mINFO[0m - add_rsi:212 - Calculating RSI: period=14
2025-10-30 16:45:18 - SignalCipher.indicators - [32mINFO[0m - add_rsi:226 - ✅ RSI added: 200 candles, 4 buy signals, 8 sell signals
2025-10-30 16:45:18 - SignalCipher.indicators - [32mINFO[0m - add_stochastic_rsi:262 - Calculating Stochastic RSI: rsi_period=14, stoch_period=14
2025-10-30 16:45:18 - SignalCipher.indicators - [32mINFO[0m - add_stochastic_rsi:277 - ✅ StochRSI added: 200 candles, 12 buy signals, 5 sell signals
2025-10-30 16:45:18 - SignalCipher.scanner - [32mINFO[0m - scan_symbol:70 - ✅ XRP/USDT scan completed
2025-10-30 16:45:18 - SignalCipher.scanner - [32mINFO[0m - scan_multiple_symbols:226 - ✅ Scan completed: 5 symbols analyzed
